c:\users\murder\documents\visual studio 2015\projects\hungarian_algorithm\hungarian_algorithm\release\vc140.pdb
c:\users\murder\documents\visual studio 2015\projects\hungarian_algorithm\hungarian_algorithm\release\hungarian_face.obj
c:\users\murder\documents\visual studio 2015\projects\hungarian_algorithm\hungarian_algorithm\release\hungarian.obj
c:\users\murder\documents\visual studio 2015\projects\hungarian_algorithm\hungarian_algorithm\release\graph.obj
c:\users\murder\documents\visual studio 2015\projects\hungarian_algorithm\hungarian_algorithm\release\.netframework,version=v4.0.assemblyattributes.obj
c:\users\murder\documents\visual studio 2015\projects\hungarian_algorithm\hungarian_algorithm\release\.netframework,version=v4.0.assemblyattributes.asm
c:\users\murder\documents\visual studio 2015\projects\hungarian_algorithm\hungarian_algorithm\release\hungarian_algorithm.hungarian_face.resources
c:\users\murder\documents\visual studio 2015\projects\hungarian_algorithm\release\hungarian_algorithm.exe
c:\users\murder\documents\visual studio 2015\projects\hungarian_algorithm\release\hungarian_algorithm.pdb
c:\users\murder\documents\visual studio 2015\projects\hungarian_algorithm\hungarian_algorithm\release\hungarian_algorithm.vcxproj.generateresource.cache
c:\users\murder\documents\visual studio 2015\projects\hungarian_algorithm\hungarian_algorithm\release\hungaria.cb3cc6a4.tlog\cl.command.1.tlog
c:\users\murder\documents\visual studio 2015\projects\hungarian_algorithm\hungarian_algorithm\release\hungaria.cb3cc6a4.tlog\cl.read.1.tlog
c:\users\murder\documents\visual studio 2015\projects\hungarian_algorithm\hungarian_algorithm\release\hungaria.cb3cc6a4.tlog\cl.write.1.tlog
c:\users\murder\documents\visual studio 2015\projects\hungarian_algorithm\hungarian_algorithm\release\hungaria.cb3cc6a4.tlog\hungarian_algorithm.write.1u.tlog
c:\users\murder\documents\visual studio 2015\projects\hungarian_algorithm\hungarian_algorithm\release\hungaria.cb3cc6a4.tlog\link.command.1.tlog
c:\users\murder\documents\visual studio 2015\projects\hungarian_algorithm\hungarian_algorithm\release\hungaria.cb3cc6a4.tlog\link.read.1.tlog
c:\users\murder\documents\visual studio 2015\projects\hungarian_algorithm\hungarian_algorithm\release\hungaria.cb3cc6a4.tlog\link.write.1.tlog
c:\users\murder\documents\visual studio 2015\projects\hungarian_algorithm\hungarian_algorithm\release\hungaria.cb3cc6a4.tlog\metagen.read.1.tlog
c:\users\murder\documents\visual studio 2015\projects\hungarian_algorithm\hungarian_algorithm\release\hungaria.cb3cc6a4.tlog\metagen.write.1.tlog
c:\users\murder\documents\visual studio 2015\projects\hungarian_algorithm\hungarian_algorithm\release\hungaria.cb3cc6a4.tlog\tzres.dll.bi
